/addon/adblocker.zip
/archive/backup.zip
/archive/documents.zip
/archive/images.zip
/archive/reports.zip
/archives/projects.zip
/archives/releases.zip
/documents/archive.zip
/documents/backups.zip
/documents/exports.zip
/documents/reports.zip
/downloads/files.zip
/downloads/software.zip
/files/archive.zip
/files/backups.zip
/files/data.zip
/files/documents.zip
/files/downloads.zip
/files/exports.zip
/files/images.zip
/reports/archive.zip
/reports/backups.zip
/reports/data.zip
/reports/documents.zip
/reports/exports.zip
/reports/files.zip
/reports/images.zip
